<?xml version="1.0" encoding="UTF-8"?>
<!-- Generated by org.testng.reporters.JUnitReportReporter -->
<testsuite skipped="1" hostname="DESKTOP-21167EL" name="com.qa.zeerodha.PagesTest.HomepageTest" tests="6" failures="0" timestamp="11 Mar 2021 17:50:43 GMT" time="2.541" errors="0">
  <testcase name="userProfile" time="0.059" classname="com.qa.zeerodha.PagesTest.HomepageTest"/>
  <testcase name="sellqntyTest" time="0.638" classname="com.qa.zeerodha.PagesTest.HomepageTest"/>
  <testcase name="applinkTest" time="1.722" classname="com.qa.zeerodha.PagesTest.HomepageTest"/>
  <testcase name="gettitle" time="0.017" classname="com.qa.zeerodha.PagesTest.HomepageTest"/>
  <testcase name="orderlinkTest" time="0.105" classname="com.qa.zeerodha.PagesTest.HomepageTest"/>
  <testcase name="userbtTest" classname="com.qa.zeerodha.PagesTest.HomepageTest">
    <skipped/>
  </testcase> <!-- userbtTest -->
</testsuite> <!-- com.qa.zeerodha.PagesTest.HomepageTest -->
